[2010-12-29T14:09:55.320-0500] thredds.filesystem.CacheManager configuraton <ehcache>
    <diskStore path='C:\Dev\NetCDF\ToolsUI\tds-4.x\content\thredds/cache/ehcache/' />
    <defaultCache
              maxElementsInMemory='10000'
              eternal='false'
              timeToIdleSeconds='120'
              timeToLiveSeconds='120'
              overflowToDisk='true'
              maxElementsOnDisk='10000000'
              diskPersistent='false'
              diskExpiryThreadIntervalSeconds='120'
              memoryStoreEvictionPolicy='LRU'
              />
    <cache name='directories'
            maxElementsInMemory='1000'
            eternal='false'
            timeToIdleSeconds='864000'
            timeToLiveSeconds='0'
            overflowToDisk='true'
            maxElementsOnDisk='100000'
            diskPersistent='true'
            diskExpiryThreadIntervalSeconds='3600'
            memoryStoreEvictionPolicy='LRU'
            />
</ehcache>
[2010-12-29T14:09:55.430-0500] thredds.filesystem.CacheManager [ name = directories status = STATUS_ALIVE eternal = false overflowToDisk = true maxElementsInMemory = 1000 maxElementsOnDisk = 100000 memoryStoreEvictionPolicy = LRU timeToLiveSeconds = 0 timeToIdleSeconds = 864000 diskPersistent = true diskExpiryThreadIntervalSeconds = 3600 cacheEventListeners:  hitCount = 0 memoryStoreHitCount = 0 diskStoreHitCount = 0 missCountNotFound = 0 missCountExpired = 0 ]
[2010-12-29T14:09:55.430-0500] thredds.filesystem.CacheManager [  name = directories cacheHits = 0 onDiskHits = 0 inMemoryHits = 0 misses = 0 size = 0 averageGetTime = 0.0 evictionCount = 0 ]
