2010-12-29T14:09:47.224 -0500 [      7036][       5] ERROR - org.springframework.web.servlet.DispatcherServlet - Context initialization failed
org.springframework.beans.factory.CannotLoadBeanClassException: Error loading class [thredds.server.wms.ThreddsServerConfig] for bean with name 'config' defined in ServletContext resource [/WEB-INF/wms-servlet.xml]: problem with class file or dependent class; nested exception is java.lang.NoClassDefFoundError: uk/ac/rdg/resc/ncwms/controller/ServerConfig
	at org.springframework.beans.factory.support.AbstractBeanFactory.resolveBeanClass(AbstractBeanFactory.java:1141)
	at org.springframework.beans.factory.support.AbstractAutowireCapableBeanFactory.predictBeanType(AbstractAutowireCapableBeanFactory.java:522)
	at org.springframework.beans.factory.support.AbstractBeanFactory.isFactoryBean(AbstractBeanFactory.java:1174)
	at org.springframework.beans.factory.support.AbstractBeanFactory.isFactoryBean(AbstractBeanFactory.java:754)
	at org.springframework.beans.factory.support.DefaultListableBeanFactory.preInstantiateSingletons(DefaultListableBeanFactory.java:422)
	at org.springframework.context.support.AbstractApplicationContext.finishBeanFactoryInitialization(AbstractApplicationContext.java:729)
	at org.springframework.context.support.AbstractApplicationContext.refresh(AbstractApplicationContext.java:381)
	at org.springframework.web.servlet.FrameworkServlet.createWebApplicationContext(FrameworkServlet.java:402)
	at org.springframework.web.servlet.FrameworkServlet.initWebApplicationContext(FrameworkServlet.java:316)
	at org.springframework.web.servlet.FrameworkServlet.initServletBean(FrameworkServlet.java:282)
	at org.springframework.web.servlet.HttpServletBean.init(HttpServletBean.java:126)
	at javax.servlet.GenericServlet.init(GenericServlet.java:212)
	at org.apache.catalina.core.StandardWrapper.loadServlet(StandardWrapper.java:1173)
	at org.apache.catalina.core.StandardWrapper.load(StandardWrapper.java:993)
	at org.apache.catalina.core.StandardContext.loadOnStartup(StandardContext.java:4350)
	at org.apache.catalina.core.StandardContext.start(StandardContext.java:4659)
	at org.apache.catalina.core.ContainerBase.addChildInternal(ContainerBase.java:791)
	at org.apache.catalina.core.ContainerBase.addChild(ContainerBase.java:771)
	at org.apache.catalina.core.StandardHost.addChild(StandardHost.java:546)
	at org.apache.catalina.startup.HostConfig.deployDescriptor(HostConfig.java:637)
	at org.apache.catalina.startup.HostConfig.deployDescriptors(HostConfig.java:563)
	at org.apache.catalina.startup.HostConfig.deployApps(HostConfig.java:498)
	at org.apache.catalina.startup.HostConfig.start(HostConfig.java:1277)
	at org.apache.catalina.startup.HostConfig.lifecycleEvent(HostConfig.java:321)
	at org.apache.catalina.util.LifecycleSupport.fireLifecycleEvent(LifecycleSupport.java:119)
	at org.apache.catalina.core.ContainerBase.start(ContainerBase.java:1053)
	at org.apache.catalina.core.StandardHost.start(StandardHost.java:785)
	at org.apache.catalina.core.ContainerBase.start(ContainerBase.java:1045)
	at org.apache.catalina.core.StandardEngine.start(StandardEngine.java:445)
	at org.apache.catalina.core.StandardService.start(StandardService.java:519)
	at org.apache.catalina.core.StandardServer.start(StandardServer.java:710)
	at org.apache.catalina.startup.Catalina.start(Catalina.java:581)
	at sun.reflect.NativeMethodAccessorImpl.invoke0(Native Method)
	at sun.reflect.NativeMethodAccessorImpl.invoke(NativeMethodAccessorImpl.java:39)
	at sun.reflect.DelegatingMethodAccessorImpl.invoke(DelegatingMethodAccessorImpl.java:25)
	at java.lang.reflect.Method.invoke(Method.java:597)
	at org.apache.catalina.startup.Bootstrap.start(Bootstrap.java:289)
	at org.apache.catalina.startup.Bootstrap.main(Bootstrap.java:414)
Caused by: java.lang.NoClassDefFoundError: uk/ac/rdg/resc/ncwms/controller/ServerConfig
	at java.lang.ClassLoader.defineClass1(Native Method)
	at java.lang.ClassLoader.defineClassCond(ClassLoader.java:632)
	at java.lang.ClassLoader.defineClass(ClassLoader.java:616)
	at java.security.SecureClassLoader.defineClass(SecureClassLoader.java:141)
	at org.apache.catalina.loader.WebappClassLoader.findClassInternal(WebappClassLoader.java:2733)
	at org.apache.catalina.loader.WebappClassLoader.findClass(WebappClassLoader.java:1124)
	at org.apache.catalina.loader.WebappClassLoader.loadClass(WebappClassLoader.java:1612)
	at org.apache.catalina.loader.WebappClassLoader.loadClass(WebappClassLoader.java:1491)
	at org.springframework.util.ClassUtils.forName(ClassUtils.java:249)
	at org.springframework.beans.factory.support.AbstractBeanDefinition.resolveBeanClass(AbstractBeanDefinition.java:381)
	at org.springframework.beans.factory.support.AbstractBeanFactory.resolveBeanClass(AbstractBeanFactory.java:1135)
	... 37 more
Caused by: java.lang.ClassNotFoundException: uk.ac.rdg.resc.ncwms.controller.ServerConfig
	at org.apache.catalina.loader.WebappClassLoader.loadClass(WebappClassLoader.java:1645)
	at org.apache.catalina.loader.WebappClassLoader.loadClass(WebappClassLoader.java:1491)
	... 48 more
2010-12-29T14:09:57.224 -0500 [      3183][       5] ERROR - org.springframework.web.servlet.DispatcherServlet - Context initialization failed
org.springframework.beans.factory.CannotLoadBeanClassException: Error loading class [thredds.server.wms.ThreddsServerConfig] for bean with name 'config' defined in ServletContext resource [/WEB-INF/wms-servlet.xml]: problem with class file or dependent class; nested exception is java.lang.NoClassDefFoundError: uk/ac/rdg/resc/ncwms/controller/ServerConfig
	at org.springframework.beans.factory.support.AbstractBeanFactory.resolveBeanClass(AbstractBeanFactory.java:1141)
	at org.springframework.beans.factory.support.AbstractAutowireCapableBeanFactory.predictBeanType(AbstractAutowireCapableBeanFactory.java:522)
	at org.springframework.beans.factory.support.AbstractBeanFactory.isFactoryBean(AbstractBeanFactory.java:1174)
	at org.springframework.beans.factory.support.AbstractBeanFactory.isFactoryBean(AbstractBeanFactory.java:754)
	at org.springframework.beans.factory.support.DefaultListableBeanFactory.preInstantiateSingletons(DefaultListableBeanFactory.java:422)
	at org.springframework.context.support.AbstractApplicationContext.finishBeanFactoryInitialization(AbstractApplicationContext.java:729)
	at org.springframework.context.support.AbstractApplicationContext.refresh(AbstractApplicationContext.java:381)
	at org.springframework.web.servlet.FrameworkServlet.createWebApplicationContext(FrameworkServlet.java:402)
	at org.springframework.web.servlet.FrameworkServlet.initWebApplicationContext(FrameworkServlet.java:316)
	at org.springframework.web.servlet.FrameworkServlet.initServletBean(FrameworkServlet.java:282)
	at org.springframework.web.servlet.HttpServletBean.init(HttpServletBean.java:126)
	at javax.servlet.GenericServlet.init(GenericServlet.java:212)
	at org.apache.catalina.core.StandardWrapper.loadServlet(StandardWrapper.java:1173)
	at org.apache.catalina.core.StandardWrapper.load(StandardWrapper.java:993)
	at org.apache.catalina.core.StandardContext.loadOnStartup(StandardContext.java:4350)
	at org.apache.catalina.core.StandardContext.start(StandardContext.java:4659)
	at org.apache.catalina.core.ContainerBase.addChildInternal(ContainerBase.java:791)
	at org.apache.catalina.core.ContainerBase.addChild(ContainerBase.java:771)
	at org.apache.catalina.core.StandardHost.addChild(StandardHost.java:546)
	at org.apache.catalina.startup.HostConfig.deployDescriptor(HostConfig.java:637)
	at org.apache.catalina.startup.HostConfig.deployApps(HostConfig.java:521)
	at org.apache.catalina.startup.HostConfig.check(HostConfig.java:1359)
	at sun.reflect.NativeMethodAccessorImpl.invoke0(Native Method)
	at sun.reflect.NativeMethodAccessorImpl.invoke(NativeMethodAccessorImpl.java:39)
	at sun.reflect.DelegatingMethodAccessorImpl.invoke(DelegatingMethodAccessorImpl.java:25)
	at java.lang.reflect.Method.invoke(Method.java:597)
	at org.apache.tomcat.util.modeler.BaseModelMBean.invoke(BaseModelMBean.java:297)
	at com.sun.jmx.interceptor.DefaultMBeanServerInterceptor.invoke(DefaultMBeanServerInterceptor.java:836)
	at com.sun.jmx.mbeanserver.JmxMBeanServer.invoke(JmxMBeanServer.java:761)
	at org.apache.catalina.manager.ManagerServlet.check(ManagerServlet.java:1500)
	at org.apache.catalina.manager.ManagerServlet.deploy(ManagerServlet.java:849)
	at org.apache.catalina.manager.ManagerServlet.doGet(ManagerServlet.java:351)
	at javax.servlet.http.HttpServlet.service(HttpServlet.java:617)
	at javax.servlet.http.HttpServlet.service(HttpServlet.java:717)
	at org.apache.catalina.core.ApplicationFilterChain.internalDoFilter(ApplicationFilterChain.java:290)
	at org.apache.catalina.core.ApplicationFilterChain.doFilter(ApplicationFilterChain.java:206)
	at org.apache.catalina.core.StandardWrapperValve.invoke(StandardWrapperValve.java:233)
	at org.apache.catalina.core.StandardContextValve.invoke(StandardContextValve.java:191)
	at org.apache.catalina.authenticator.AuthenticatorBase.invoke(AuthenticatorBase.java:563)
	at org.apache.catalina.core.StandardHostValve.invoke(StandardHostValve.java:127)
	at org.apache.catalina.valves.ErrorReportValve.invoke(ErrorReportValve.java:102)
	at org.apache.catalina.core.StandardEngineValve.invoke(StandardEngineValve.java:109)
	at org.apache.catalina.connector.CoyoteAdapter.service(CoyoteAdapter.java:298)
	at org.apache.coyote.http11.Http11AprProcessor.process(Http11AprProcessor.java:861)
	at org.apache.coyote.http11.Http11AprProtocol$Http11ConnectionHandler.process(Http11AprProtocol.java:579)
	at org.apache.tomcat.util.net.AprEndpoint$Worker.run(AprEndpoint.java:1584)
	at java.lang.Thread.run(Thread.java:619)
Caused by: java.lang.NoClassDefFoundError: uk/ac/rdg/resc/ncwms/controller/ServerConfig
	at java.lang.ClassLoader.defineClass1(Native Method)
	at java.lang.ClassLoader.defineClassCond(ClassLoader.java:632)
	at java.lang.ClassLoader.defineClass(ClassLoader.java:616)
	at java.security.SecureClassLoader.defineClass(SecureClassLoader.java:141)
	at org.apache.catalina.loader.WebappClassLoader.findClassInternal(WebappClassLoader.java:2733)
	at org.apache.catalina.loader.WebappClassLoader.findClass(WebappClassLoader.java:1124)
	at org.apache.catalina.loader.WebappClassLoader.loadClass(WebappClassLoader.java:1612)
	at org.apache.catalina.loader.WebappClassLoader.loadClass(WebappClassLoader.java:1491)
	at org.springframework.util.ClassUtils.forName(ClassUtils.java:249)
	at org.springframework.beans.factory.support.AbstractBeanDefinition.resolveBeanClass(AbstractBeanDefinition.java:381)
	at org.springframework.beans.factory.support.AbstractBeanFactory.resolveBeanClass(AbstractBeanFactory.java:1135)
	... 46 more
Caused by: java.lang.ClassNotFoundException: uk.ac.rdg.resc.ncwms.controller.ServerConfig
	at org.apache.catalina.loader.WebappClassLoader.loadClass(WebappClassLoader.java:1645)
	at org.apache.catalina.loader.WebappClassLoader.loadClass(WebappClassLoader.java:1491)
	... 57 more
2010-12-29T14:10:06.585 -0500 [     12544][       9] INFO  - thredds.server.root.RootController - handleRequestInternal(): Remote host: 127.0.0.1 - Request: "GET /thredds/ HTTP/1.1"
2010-12-29T14:10:06.585 -0500 [     12544][       9] INFO  - thredds.server.root.RootController - handleRequestInternal(): Request Completed - 302 - -1 - 0
2010-12-29T14:10:06.803 -0500 [     12762][      10] INFO  - thredds.server.catalogservice.LocalCatalogServiceController - handleRequestInternal(): Remote host: 127.0.0.1 - Request: "GET /thredds/catalog.html HTTP/1.1"
2010-12-29T14:10:06.881 -0500 [     12840][      10] INFO  - thredds.server.catalogservice.LocalCatalogServiceController - handleRequestInternal(): Request Completed - 200 - 2016 - 78
2010-12-29T14:10:06.959 -0500 [     12918][      11] INFO  - thredds.server.root.RootController - handleRequestInternal(): Remote host: 127.0.0.1 - Request: "GET /thredds/tdsCat.css HTTP/1.1"
2010-12-29T14:10:06.959 -0500 [     12918][      11] INFO  - thredds.util.RequestForwardUtils - forwardRequest() Forwarding request to "tdsCat.css": Request Completed - 1001 - -1 - 0
2010-12-29T14:10:08.004 -0500 [     13963][      12] INFO  - thredds.server.root.RootController - handleRequestInternal(): Remote host: 127.0.0.1 - Request: "GET /thredds/folder.gif HTTP/1.1"
2010-12-29T14:10:08.004 -0500 [     13963][      12] INFO  - thredds.util.RequestForwardUtils - forwardRequest() Forwarding request to "folder.gif": Request Completed - 1001 - -1 - 0
2010-12-29T14:10:09.003 -0500 [     14962][      13] INFO  - thredds.server.catalogservice.LocalCatalogServiceController - handleRequestInternal(): Remote host: 127.0.0.1 - Request: "GET /thredds/catalog.html?dataset=testDataset2 HTTP/1.1"
2010-12-29T14:10:09.034 -0500 [     14993][      13] INFO  - thredds.server.catalogservice.LocalCatalogServiceController - handleRequestInternal(): Request Completed - 200 - 1435 - 31
2010-12-29T14:10:09.081 -0500 [     15040][      14] INFO  - thredds.server.root.RootController - handleRequestInternal(): Remote host: 127.0.0.1 - Request: "GET /thredds/tds.css HTTP/1.1"
2010-12-29T14:10:09.081 -0500 [     15040][      14] INFO  - thredds.util.RequestForwardUtils - forwardRequest() Forwarding request to "tds.css": Request Completed - 1001 - -1 - 0
2010-12-29T14:10:09.096 -0500 [     15055][      15] INFO  - thredds.server.root.RootController - handleRequestInternal(): Remote host: 127.0.0.1 - Request: "GET /thredds/threddsIcon.gif HTTP/1.1"
2010-12-29T14:10:09.096 -0500 [     15055][      15] INFO  - thredds.util.RequestForwardUtils - forwardRequest() Forwarding request to "threddsIcon.gif": Request Completed - 1001 - -1 - 0
